<?xml version="1.0" encoding="UTF-8"?>
<!-- Generated by org.testng.reporters.JUnitReportReporter -->
<testsuite hostname="Sysnik_D036" name="drawingPower.DrawingPowerEntryTestCases" tests="8" failures="0" timestamp="18 Nov 2019 06:12:52 GMT" time="68.002" errors="1">
  <testcase name="ValueCalculationVerificationBasedOnMargin" time="7.643" classname="drawingPower.DrawingPowerEntryTestCases"/>
  <testcase name="DrawingPowerLabelVerification" time="0.000" classname="drawingPower.DrawingPowerEntryTestCases">
    <error type="org.testng.TestNGException" message="
Parameter &#039;DrawingPowerLabelVerification&#039; is required by @Test on method DrawingPowerLabelVerification but has not been marked @Optional or defined
in C:\Users\sriraja.garlapati\eclipse-workspace\Sysnik\TestCaseXmlFiles\DrawingPowerTextCases.xml">
      <![CDATA[org.testng.TestNGException: 
Parameter 'DrawingPowerLabelVerification' is required by @Test on method DrawingPowerLabelVerification but has not been marked @Optional or defined
in C:\Users\sriraja.garlapati\eclipse-workspace\Sysnik\TestCaseXmlFiles\DrawingPowerTextCases.xml
	at org.testng.internal.Parameters.createParameters(Parameters.java:154)
	at org.testng.internal.Parameters.createParameters(Parameters.java:361)
	at org.testng.internal.Parameters.handleParameters(Parameters.java:451)
	at org.testng.internal.Invoker.handleParameters(Invoker.java:1274)
	at org.testng.internal.Invoker.createParameters(Invoker.java:989)
	at org.testng.internal.Invoker.invokeTestMethods(Invoker.java:1079)
	at org.testng.internal.TestMethodWorker.invokeTestMethods(TestMethodWorker.java:129)
	at org.testng.internal.TestMethodWorker.run(TestMethodWorker.java:112)
	at org.testng.TestRunner.privateRun(TestRunner.java:782)
	at org.testng.TestRunner.run(TestRunner.java:632)
	at org.testng.SuiteRunner.runTest(SuiteRunner.java:366)
	at org.testng.SuiteRunner.runSequentially(SuiteRunner.java:361)
	at org.testng.SuiteRunner.privateRun(SuiteRunner.java:319)
	at org.testng.SuiteRunner.run(SuiteRunner.java:268)
	at org.testng.SuiteRunnerWorker.runSuite(SuiteRunnerWorker.java:52)
	at org.testng.SuiteRunnerWorker.run(SuiteRunnerWorker.java:86)
	at org.testng.TestNG.runSuitesSequentially(TestNG.java:1244)
	at org.testng.TestNG.runSuitesSequentially(TestNG.java:1240)
	at org.testng.TestNG.runSuitesLocally(TestNG.java:1169)
	at org.testng.TestNG.run(TestNG.java:1064)
	at org.testng.remote.AbstractRemoteTestNG.run(AbstractRemoteTestNG.java:114)
	at org.testng.remote.RemoteTestNG.initAndRun(RemoteTestNG.java:251)
	at org.testng.remote.RemoteTestNG.main(RemoteTestNG.java:77)
]]>
    </error>
  </testcase> <!-- DrawingPowerLabelVerification -->
  <testcase name="CustomerDetailsVerification" time="29.564" classname="drawingPower.DrawingPowerEntryTestCases"/>
  <testcase name="DrawingPowerEntryE2e" time="10.963" classname="drawingPower.DrawingPowerEntryTestCases"/>
  <testcase name="ExpiryDateVerification" time="0.436" classname="drawingPower.DrawingPowerEntryTestCases"/>
  <testcase name="MarginVerification" time="0.602" classname="drawingPower.DrawingPowerEntryTestCases"/>
  <testcase name="ValidateDPArrivedAndDpAllowed" time="4.052" classname="drawingPower.DrawingPowerEntryTestCases"/>
  <testcase name="DuplicateEntry" time="14.742" classname="drawingPower.DrawingPowerEntryTestCases"/>
</testsuite> <!-- drawingPower.DrawingPowerEntryTestCases -->
