<?xml version="1.0" encoding="UTF-8"?>
<!-- Generated by org.testng.reporters.JUnitReportReporter -->
<testsuite hostname="Sysnik_D036" name="lienNoting.LienNotingAuthorizationTestCases" tests="5" failures="0" timestamp="18 Nov 2019 06:12:52 GMT" time="26.638" errors="2">
  <testcase name="lienNotingRejection" time="0.000" classname="lienNoting.LienNotingAuthorizationTestCases">
    <error type="org.testng.TestNGException" message="
Parameter &#039;lienNotingRejection&#039; is required by @Test on method lienNotingRejection but has not been marked @Optional or defined
in C:\Users\sriraja.garlapati\eclipse-workspace\Sysnik\TestCaseXmlFiles\LienNoting.xml">
      <![CDATA[org.testng.TestNGException: 
Parameter 'lienNotingRejection' is required by @Test on method lienNotingRejection but has not been marked @Optional or defined
in C:\Users\sriraja.garlapati\eclipse-workspace\Sysnik\TestCaseXmlFiles\LienNoting.xml
	at org.testng.internal.Parameters.createParameters(Parameters.java:154)
	at org.testng.internal.Parameters.createParameters(Parameters.java:361)
	at org.testng.internal.Parameters.handleParameters(Parameters.java:451)
	at org.testng.internal.Invoker.handleParameters(Invoker.java:1274)
	at org.testng.internal.Invoker.createParameters(Invoker.java:989)
	at org.testng.internal.Invoker.invokeTestMethods(Invoker.java:1079)
	at org.testng.internal.TestMethodWorker.invokeTestMethods(TestMethodWorker.java:129)
	at org.testng.internal.TestMethodWorker.run(TestMethodWorker.java:112)
	at org.testng.TestRunner.privateRun(TestRunner.java:782)
	at org.testng.TestRunner.run(TestRunner.java:632)
	at org.testng.SuiteRunner.runTest(SuiteRunner.java:366)
	at org.testng.SuiteRunner.runSequentially(SuiteRunner.java:361)
	at org.testng.SuiteRunner.privateRun(SuiteRunner.java:319)
	at org.testng.SuiteRunner.run(SuiteRunner.java:268)
	at org.testng.SuiteRunnerWorker.runSuite(SuiteRunnerWorker.java:52)
	at org.testng.SuiteRunnerWorker.run(SuiteRunnerWorker.java:86)
	at org.testng.TestNG.runSuitesSequentially(TestNG.java:1244)
	at org.testng.TestNG.runSuitesSequentially(TestNG.java:1240)
	at org.testng.TestNG.runSuitesLocally(TestNG.java:1169)
	at org.testng.TestNG.run(TestNG.java:1064)
	at org.testng.remote.AbstractRemoteTestNG.run(AbstractRemoteTestNG.java:114)
	at org.testng.remote.RemoteTestNG.initAndRun(RemoteTestNG.java:251)
	at org.testng.remote.RemoteTestNG.main(RemoteTestNG.java:77)
]]>
    </error>
  </testcase> <!-- lienNotingRejection -->
  <testcase name="lienNotingAuthScreenVerifications" time="15.658" classname="lienNoting.LienNotingAuthorizationTestCases"/>
  <testcase name="onSubmitModelVerificationInLienAuth" time="10.814" classname="lienNoting.LienNotingAuthorizationTestCases"/>
  <testcase name="RejectionTableVerification" time="0.000" classname="lienNoting.LienNotingAuthorizationTestCases">
    <error type="org.testng.TestNGException" message="
Parameter &#039;RejectionTableVerification&#039; is required by @Test on method RejectionTableVerification but has not been marked @Optional or defined
in C:\Users\sriraja.garlapati\eclipse-workspace\Sysnik\TestCaseXmlFiles\LienNoting.xml">
      <![CDATA[org.testng.TestNGException: 
Parameter 'RejectionTableVerification' is required by @Test on method RejectionTableVerification but has not been marked @Optional or defined
in C:\Users\sriraja.garlapati\eclipse-workspace\Sysnik\TestCaseXmlFiles\LienNoting.xml
	at org.testng.internal.Parameters.createParameters(Parameters.java:154)
	at org.testng.internal.Parameters.createParameters(Parameters.java:361)
	at org.testng.internal.Parameters.handleParameters(Parameters.java:451)
	at org.testng.internal.Invoker.handleParameters(Invoker.java:1274)
	at org.testng.internal.Invoker.createParameters(Invoker.java:989)
	at org.testng.internal.Invoker.invokeTestMethods(Invoker.java:1079)
	at org.testng.internal.TestMethodWorker.invokeTestMethods(TestMethodWorker.java:129)
	at org.testng.internal.TestMethodWorker.run(TestMethodWorker.java:112)
	at org.testng.TestRunner.privateRun(TestRunner.java:782)
	at org.testng.TestRunner.run(TestRunner.java:632)
	at org.testng.SuiteRunner.runTest(SuiteRunner.java:366)
	at org.testng.SuiteRunner.runSequentially(SuiteRunner.java:361)
	at org.testng.SuiteRunner.privateRun(SuiteRunner.java:319)
	at org.testng.SuiteRunner.run(SuiteRunner.java:268)
	at org.testng.SuiteRunnerWorker.runSuite(SuiteRunnerWorker.java:52)
	at org.testng.SuiteRunnerWorker.run(SuiteRunnerWorker.java:86)
	at org.testng.TestNG.runSuitesSequentially(TestNG.java:1244)
	at org.testng.TestNG.runSuitesSequentially(TestNG.java:1240)
	at org.testng.TestNG.runSuitesLocally(TestNG.java:1169)
	at org.testng.TestNG.run(TestNG.java:1064)
	at org.testng.remote.AbstractRemoteTestNG.run(AbstractRemoteTestNG.java:114)
	at org.testng.remote.RemoteTestNG.initAndRun(RemoteTestNG.java:251)
	at org.testng.remote.RemoteTestNG.main(RemoteTestNG.java:77)
]]>
    </error>
  </testcase> <!-- RejectionTableVerification -->
  <testcase name="tableVerificationOnSunbitInLienAuth" time="0.166" classname="lienNoting.LienNotingAuthorizationTestCases"/>
</testsuite> <!-- lienNoting.LienNotingAuthorizationTestCases -->
