<?xml version="1.0" encoding="UTF-8"?>
<!-- Generated by org.testng.reporters.JUnitReportReporter -->
<testsuite hostname="Sysnik_D036" name="customerCreation.CustomerCreationTestCases" tests="4" failures="0" timestamp="9 Dec 2019 05:05:33 GMT" time="63.662" errors="2">
  <testcase name="labelVerification" time="0.001" classname="customerCreation.CustomerCreationTestCases">
    <error type="org.testng.TestNGException" message="
Parameter &#039;labelVerification&#039; is required by @Test on method labelVerification but has not been marked @Optional or defined
in C:\Users\sriraja.garlapati\eclipse-workspace\Sysnik\TestCaseXmlFiles\customerRelatedTestCases.xml">
      <![CDATA[org.testng.TestNGException: 
Parameter 'labelVerification' is required by @Test on method labelVerification but has not been marked @Optional or defined
in C:\Users\sriraja.garlapati\eclipse-workspace\Sysnik\TestCaseXmlFiles\customerRelatedTestCases.xml
	at org.testng.internal.Parameters.createParameters(Parameters.java:154)
	at org.testng.internal.Parameters.createParameters(Parameters.java:361)
	at org.testng.internal.Parameters.handleParameters(Parameters.java:451)
	at org.testng.internal.Invoker.handleParameters(Invoker.java:1274)
	at org.testng.internal.Invoker.createParameters(Invoker.java:989)
	at org.testng.internal.Invoker.invokeTestMethods(Invoker.java:1079)
	at org.testng.internal.TestMethodWorker.invokeTestMethods(TestMethodWorker.java:129)
	at org.testng.internal.TestMethodWorker.run(TestMethodWorker.java:112)
	at org.testng.TestRunner.privateRun(TestRunner.java:782)
	at org.testng.TestRunner.run(TestRunner.java:632)
	at org.testng.SuiteRunner.runTest(SuiteRunner.java:366)
	at org.testng.SuiteRunner.runSequentially(SuiteRunner.java:361)
	at org.testng.SuiteRunner.privateRun(SuiteRunner.java:319)
	at org.testng.SuiteRunner.run(SuiteRunner.java:268)
	at org.testng.SuiteRunnerWorker.runSuite(SuiteRunnerWorker.java:52)
	at org.testng.SuiteRunnerWorker.run(SuiteRunnerWorker.java:86)
	at org.testng.TestNG.runSuitesSequentially(TestNG.java:1244)
	at org.testng.TestNG.runSuitesSequentially(TestNG.java:1240)
	at org.testng.TestNG.runSuitesLocally(TestNG.java:1169)
	at org.testng.TestNG.run(TestNG.java:1064)
	at org.testng.remote.AbstractRemoteTestNG.run(AbstractRemoteTestNG.java:114)
	at org.testng.remote.RemoteTestNG.initAndRun(RemoteTestNG.java:251)
	at org.testng.remote.RemoteTestNG.main(RemoteTestNG.java:77)
]]>
    </error>
  </testcase> <!-- labelVerification -->
  <testcase name="customerAuthorizationDataVerification" time="0.000" classname="customerCreation.CustomerCreationTestCases">
    <error type="org.testng.TestNGException" message="
Parameter &#039;customerAuthorizationDataVerification&#039; is required by @Test on method customerAuthorizationDataVerification but has not been marked @Optional or defined
in C:\Users\sriraja.garlapati\eclipse-workspace\Sysnik\TestCaseXmlFiles\customerRelatedTestCases.xml">
      <![CDATA[org.testng.TestNGException: 
Parameter 'customerAuthorizationDataVerification' is required by @Test on method customerAuthorizationDataVerification but has not been marked @Optional or defined
in C:\Users\sriraja.garlapati\eclipse-workspace\Sysnik\TestCaseXmlFiles\customerRelatedTestCases.xml
	at org.testng.internal.Parameters.createParameters(Parameters.java:154)
	at org.testng.internal.Parameters.createParameters(Parameters.java:361)
	at org.testng.internal.Parameters.handleParameters(Parameters.java:451)
	at org.testng.internal.Invoker.handleParameters(Invoker.java:1274)
	at org.testng.internal.Invoker.createParameters(Invoker.java:989)
	at org.testng.internal.Invoker.invokeTestMethods(Invoker.java:1079)
	at org.testng.internal.TestMethodWorker.invokeTestMethods(TestMethodWorker.java:129)
	at org.testng.internal.TestMethodWorker.run(TestMethodWorker.java:112)
	at org.testng.TestRunner.privateRun(TestRunner.java:782)
	at org.testng.TestRunner.run(TestRunner.java:632)
	at org.testng.SuiteRunner.runTest(SuiteRunner.java:366)
	at org.testng.SuiteRunner.runSequentially(SuiteRunner.java:361)
	at org.testng.SuiteRunner.privateRun(SuiteRunner.java:319)
	at org.testng.SuiteRunner.run(SuiteRunner.java:268)
	at org.testng.SuiteRunnerWorker.runSuite(SuiteRunnerWorker.java:52)
	at org.testng.SuiteRunnerWorker.run(SuiteRunnerWorker.java:86)
	at org.testng.TestNG.runSuitesSequentially(TestNG.java:1244)
	at org.testng.TestNG.runSuitesSequentially(TestNG.java:1240)
	at org.testng.TestNG.runSuitesLocally(TestNG.java:1169)
	at org.testng.TestNG.run(TestNG.java:1064)
	at org.testng.remote.AbstractRemoteTestNG.run(AbstractRemoteTestNG.java:114)
	at org.testng.remote.RemoteTestNG.initAndRun(RemoteTestNG.java:251)
	at org.testng.remote.RemoteTestNG.main(RemoteTestNG.java:77)
]]>
    </error>
  </testcase> <!-- customerAuthorizationDataVerification -->
  <testcase name="customerCreationWithIntroducerName" time="44.112" classname="customerCreation.CustomerCreationTestCases"/>
  <testcase name="customerAuthorization" time="19.549" classname="customerCreation.CustomerCreationTestCases"/>
</testsuite> <!-- customerCreation.CustomerCreationTestCases -->
