<html>
<head>
<title>TestNG:  LienNotingAuthorization</title>
<link href="../testng.css" rel="stylesheet" type="text/css" />
<link href="../my-testng.css" rel="stylesheet" type="text/css" />

<style type="text/css">
.log { display: none;} 
.stack-trace { display: none;} 
</style>
<script type="text/javascript">
<!--
function flip(e) {
  current = e.style.display;
  if (current == 'block') {
    e.style.display = 'none';
    return 0;
  }
  else {
    e.style.display = 'block';
    return 1;
  }
}

function toggleBox(szDivId, elem, msg1, msg2)
{
  var res = -1;  if (document.getElementById) {
    res = flip(document.getElementById(szDivId));
  }
  else if (document.all) {
    // this is the way old msie versions work
    res = flip(document.all[szDivId]);
  }
  if(elem) {
    if(res == 0) elem.innerHTML = msg1; else elem.innerHTML = msg2;
  }

}

function toggleAllBoxes() {
  if (document.getElementsByTagName) {
    d = document.getElementsByTagName('div');
    for (i = 0; i < d.length; i++) {
      if (d[i].className == 'log') {
        flip(d[i]);
      }
    }
  }
}

// -->
</script>

</head>
<body>
<h2 align='center'>LienNotingAuthorization</h2><table border='1' align="center">
<tr>
<td>Tests passed/Failed/Skipped:</td><td>3/0/2</td>
</tr><tr>
<td>Started on:</td><td>Tue Nov 19 17:43:11 IST 2019</td>
</tr>
<tr><td>Total time:</td><td>26 seconds (26487 ms)</td>
</tr><tr>
<td>Included groups:</td><td></td>
</tr><tr>
<td>Excluded groups:</td><td></td>
</tr>
</table><p/>
<small><i>(Hover the method name to see the test class name)</i></small><p/>
<table width='100%' border='1' class='invocation-passed'>
<tr><td colspan='4' align='center'><b>PASSED TESTS</b></td></tr>
<tr><td><b>Test method</b></td>
<td width="30%"><b>Exception</b></td>
<td width="10%"><b>Time (seconds)</b></td>
<td><b>Instance</b></td>
</tr>
<tr>
<td title='lienNoting.LienNotingAuthorizationTestCases.lienNotingAuthScreenVerifications()'><b>lienNotingAuthScreenVerifications</b><br>Test class: lienNoting.LienNotingAuthorizationTestCases<br>Parameters: //sysnikDataSprintOne//lienNoting//lienNotingAuth//lienNotingAuthScreenVerifications</td>
<td></td>
<td>15</td>
<td>lienNoting.LienNotingAuthorizationTestCases@727803de</td></tr>
<tr>
<td title='lienNoting.LienNotingAuthorizationTestCases.onSubmitModelVerificationInLienAuth()'><b>onSubmitModelVerificationInLienAuth</b><br>Test class: lienNoting.LienNotingAuthorizationTestCases<br>Parameters: //sysnikDataSprintOne//lienNoting//lienNotingAuth//onSubmitModelVerificationInLienAuth</td>
<td></td>
<td>10</td>
<td>lienNoting.LienNotingAuthorizationTestCases@727803de</td></tr>
<tr>
<td title='lienNoting.LienNotingAuthorizationTestCases.tableVerificationOnSunbitInLienAuth()'><b>tableVerificationOnSunbitInLienAuth</b><br>Test class: lienNoting.LienNotingAuthorizationTestCases<br>Parameters: //sysnikDataSprintOne//lienNoting//lienNotingAuth//tableVerificationOnSunbitInLienAuth</td>
<td></td>
<td>0</td>
<td>lienNoting.LienNotingAuthorizationTestCases@727803de</td></tr>
</table><p>
<table width='100%' border='1' class='invocation-skipped'>
<tr><td colspan='4' align='center'><b>SKIPPED TESTS</b></td></tr>
<tr><td><b>Test method</b></td>
<td width="30%"><b>Exception</b></td>
<td width="10%"><b>Time (seconds)</b></td>
<td><b>Instance</b></td>
</tr>
<tr>
<td title='lienNoting.LienNotingAuthorizationTestCases.RejectionTableVerification()'><b>RejectionTableVerification</b><br>Test class: lienNoting.LienNotingAuthorizationTestCases</td>
<td><div><pre>org.testng.TestNGException: 
Parameter &apos;RejectionTableVerification&apos; is required by @Test on method RejectionTableVerification but has not been marked @Optional or defined
in C:\Users\sriraja.garlapati\eclipse-workspace\Sysnik\TestCaseXmlFiles\LienNoting.xml
... Removed 23 stack frames</pre></div><a href='#' onClick='toggleBox("stack-trace473911947", this, "Click to show all stack frames", "Click to hide stack frames")'>Click to show all stack frames</a>
<div class='stack-trace' id='stack-trace473911947'><pre>org.testng.TestNGException: 
Parameter &apos;RejectionTableVerification&apos; is required by @Test on method RejectionTableVerification but has not been marked @Optional or defined
in C:\Users\sriraja.garlapati\eclipse-workspace\Sysnik\TestCaseXmlFiles\LienNoting.xml
	at org.testng.internal.Parameters.createParameters(Parameters.java:154)
	at org.testng.internal.Parameters.createParameters(Parameters.java:361)
	at org.testng.internal.Parameters.handleParameters(Parameters.java:451)
	at org.testng.internal.Invoker.handleParameters(Invoker.java:1274)
	at org.testng.internal.Invoker.createParameters(Invoker.java:989)
	at org.testng.internal.Invoker.invokeTestMethods(Invoker.java:1079)
	at org.testng.internal.TestMethodWorker.invokeTestMethods(TestMethodWorker.java:129)
	at org.testng.internal.TestMethodWorker.run(TestMethodWorker.java:112)
	at org.testng.TestRunner.privateRun(TestRunner.java:782)
	at org.testng.TestRunner.run(TestRunner.java:632)
	at org.testng.SuiteRunner.runTest(SuiteRunner.java:366)
	at org.testng.SuiteRunner.runSequentially(SuiteRunner.java:361)
	at org.testng.SuiteRunner.privateRun(SuiteRunner.java:319)
	at org.testng.SuiteRunner.run(SuiteRunner.java:268)
	at org.testng.SuiteRunnerWorker.runSuite(SuiteRunnerWorker.java:52)
	at org.testng.SuiteRunnerWorker.run(SuiteRunnerWorker.java:86)
	at org.testng.TestNG.runSuitesSequentially(TestNG.java:1244)
	at org.testng.TestNG.runSuitesSequentially(TestNG.java:1240)
	at org.testng.TestNG.runSuitesLocally(TestNG.java:1169)
	at org.testng.TestNG.run(TestNG.java:1064)
	at org.testng.remote.AbstractRemoteTestNG.run(AbstractRemoteTestNG.java:114)
	at org.testng.remote.RemoteTestNG.initAndRun(RemoteTestNG.java:251)
	at org.testng.remote.RemoteTestNG.main(RemoteTestNG.java:77)
</pre></div></td>
<td>0</td>
<td>lienNoting.LienNotingAuthorizationTestCases@727803de</td></tr>
<tr>
<td title='lienNoting.LienNotingAuthorizationTestCases.lienNotingRejection()'><b>lienNotingRejection</b><br>Test class: lienNoting.LienNotingAuthorizationTestCases</td>
<td><div><pre>org.testng.TestNGException: 
Parameter &apos;lienNotingRejection&apos; is required by @Test on method lienNotingRejection but has not been marked @Optional or defined
in C:\Users\sriraja.garlapati\eclipse-workspace\Sysnik\TestCaseXmlFiles\LienNoting.xml
... Removed 23 stack frames</pre></div><a href='#' onClick='toggleBox("stack-trace1521279993", this, "Click to show all stack frames", "Click to hide stack frames")'>Click to show all stack frames</a>
<div class='stack-trace' id='stack-trace1521279993'><pre>org.testng.TestNGException: 
Parameter &apos;lienNotingRejection&apos; is required by @Test on method lienNotingRejection but has not been marked @Optional or defined
in C:\Users\sriraja.garlapati\eclipse-workspace\Sysnik\TestCaseXmlFiles\LienNoting.xml
	at org.testng.internal.Parameters.createParameters(Parameters.java:154)
	at org.testng.internal.Parameters.createParameters(Parameters.java:361)
	at org.testng.internal.Parameters.handleParameters(Parameters.java:451)
	at org.testng.internal.Invoker.handleParameters(Invoker.java:1274)
	at org.testng.internal.Invoker.createParameters(Invoker.java:989)
	at org.testng.internal.Invoker.invokeTestMethods(Invoker.java:1079)
	at org.testng.internal.TestMethodWorker.invokeTestMethods(TestMethodWorker.java:129)
	at org.testng.internal.TestMethodWorker.run(TestMethodWorker.java:112)
	at org.testng.TestRunner.privateRun(TestRunner.java:782)
	at org.testng.TestRunner.run(TestRunner.java:632)
	at org.testng.SuiteRunner.runTest(SuiteRunner.java:366)
	at org.testng.SuiteRunner.runSequentially(SuiteRunner.java:361)
	at org.testng.SuiteRunner.privateRun(SuiteRunner.java:319)
	at org.testng.SuiteRunner.run(SuiteRunner.java:268)
	at org.testng.SuiteRunnerWorker.runSuite(SuiteRunnerWorker.java:52)
	at org.testng.SuiteRunnerWorker.run(SuiteRunnerWorker.java:86)
	at org.testng.TestNG.runSuitesSequentially(TestNG.java:1244)
	at org.testng.TestNG.runSuitesSequentially(TestNG.java:1240)
	at org.testng.TestNG.runSuitesLocally(TestNG.java:1169)
	at org.testng.TestNG.run(TestNG.java:1064)
	at org.testng.remote.AbstractRemoteTestNG.run(AbstractRemoteTestNG.java:114)
	at org.testng.remote.RemoteTestNG.initAndRun(RemoteTestNG.java:251)
	at org.testng.remote.RemoteTestNG.main(RemoteTestNG.java:77)
</pre></div></td>
<td>0</td>
<td>lienNoting.LienNotingAuthorizationTestCases@727803de</td></tr>
</table><p>
</body>
</html>